<?xml version="1.0" encoding="UTF-8"?>
<!-- Generated by org.testng.reporters.JUnitXMLReporter -->
<testsuite ignored="0" hostname="DESKTOP-BNERN3A" failures="0" tests="3" name="Default test" time="25.996" errors="0" timestamp="2022-09-12T20:41:26 AEST">
  <testcase classname="seleniumassignment.testcases" name="testcase1" time="1.413"/>
  <testcase classname="seleniumassignment.testcases" name="testcase2" time="5.88"/>
  <testcase classname="seleniumassignment.testcases" name="testcase3" time="5.784"/>
</testsuite> <!-- Default test -->
